  PC.cpp
C:\Users\husei\OneDrive\Dokumenti\GitHub\PROJEKAT_ONLINEprodavnica\main\main\PC.cpp(191,30): warning C4018: '<': signed/unsigned mismatch
C:\Users\husei\OneDrive\Dokumenti\GitHub\PROJEKAT_ONLINEprodavnica\main\main\PC.cpp(192,34): warning C4018: '<': signed/unsigned mismatch
C:\Users\husei\OneDrive\Dokumenti\GitHub\PROJEKAT_ONLINEprodavnica\main\main\PC.cpp(200,30): warning C4018: '<': signed/unsigned mismatch
C:\Users\husei\OneDrive\Dokumenti\GitHub\PROJEKAT_ONLINEprodavnica\main\main\PC.cpp(203,30): warning C4018: '<': signed/unsigned mismatch
C:\Users\husei\OneDrive\Dokumenti\GitHub\PROJEKAT_ONLINEprodavnica\main\main\PC.cpp(204,34): warning C4018: '<': signed/unsigned mismatch
C:\Users\husei\OneDrive\Dokumenti\GitHub\PROJEKAT_ONLINEprodavnica\main\main\PC.cpp(212,30): warning C4018: '<': signed/unsigned mismatch
C:\Users\husei\OneDrive\Dokumenti\GitHub\PROJEKAT_ONLINEprodavnica\main\main\PC.cpp(214,30): warning C4018: '<': signed/unsigned mismatch
C:\Users\husei\OneDrive\Dokumenti\GitHub\PROJEKAT_ONLINEprodavnica\main\main\PC.cpp(215,34): warning C4018: '<': signed/unsigned mismatch
C:\Users\husei\OneDrive\Dokumenti\GitHub\PROJEKAT_ONLINEprodavnica\main\main\PC.cpp(223,30): warning C4018: '<': signed/unsigned mismatch
C:\Users\husei\OneDrive\Dokumenti\GitHub\PROJEKAT_ONLINEprodavnica\main\main\PC.cpp(226,30): warning C4018: '<': signed/unsigned mismatch
C:\Users\husei\OneDrive\Dokumenti\GitHub\PROJEKAT_ONLINEprodavnica\main\main\PC.cpp(227,34): warning C4018: '<': signed/unsigned mismatch
C:\Users\husei\OneDrive\Dokumenti\GitHub\PROJEKAT_ONLINEprodavnica\main\main\PC.cpp(235,30): warning C4018: '<': signed/unsigned mismatch
C:\Users\husei\OneDrive\Dokumenti\GitHub\PROJEKAT_ONLINEprodavnica\main\main\PC.cpp(257,191): warning C4566: character represented by universal-character-name '\u00E8' cannot be represented in the current code page (1250)
C:\Users\husei\OneDrive\Dokumenti\GitHub\PROJEKAT_ONLINEprodavnica\main\main\PC.cpp(299,191): warning C4566: character represented by universal-character-name '\u00E8' cannot be represented in the current code page (1250)
C:\Users\husei\OneDrive\Dokumenti\GitHub\PROJEKAT_ONLINEprodavnica\main\main\PC.cpp(567,30): warning C4018: '<': signed/unsigned mismatch
C:\Users\husei\OneDrive\Dokumenti\GitHub\PROJEKAT_ONLINEprodavnica\main\main\PC.cpp(721,31): warning C4244: '=': conversion from 'int' to 'float', possible loss of data
C:\Users\husei\OneDrive\Dokumenti\GitHub\PROJEKAT_ONLINEprodavnica\main\main\PC.cpp(748,137): warning C4566: character represented by universal-character-name '\u00E8' cannot be represented in the current code page (1250)
C:\Users\husei\OneDrive\Dokumenti\GitHub\PROJEKAT_ONLINEprodavnica\main\main\PC.cpp(852,34): warning C4018: '<': signed/unsigned mismatch
C:\Users\husei\OneDrive\Dokumenti\GitHub\PROJEKAT_ONLINEprodavnica\main\main\PC.cpp(119): warning C4715: 'PC::getKucisteString': not all control paths return a value
  main.vcxproj -> C:\Users\husei\OneDrive\Dokumenti\GitHub\PROJEKAT_ONLINEprodavnica\main\Debug\main.exe
